<?xml version="1.0" encoding="UTF-8"?>
<!-- Generated by org.testng.reporters.JUnitXMLReporter -->
<testsuite ignored="0" hostname="LAPTOP-Q3P0F1LC" failures="1" tests="2" name="Test" time="20.758" errors="0" timestamp="2026-09-08T14:45:26 IST">
  <testcase classname="TestCases.TC001_AccRegisterTest" name="AccRegTestMethod" time="3.617"/>
  <testcase classname="TestCases.TC002_LoginTest" name="LoginTestMethod" time="10.616">
    <failure type="java.lang.AssertionError" message="null">
      <![CDATA[java.lang.AssertionError: null
at TestCases.TC002_LoginTest.LoginTestMethod(TC002_LoginTest.java:41)
at java.base/java.util.ArrayList.forEach(ArrayList.java:1596)
... Removed 27 stack frames]]>
    </failure>
  </testcase> <!-- LoginTestMethod -->
</testsuite> <!-- Test -->
