<?xml version="1.0" encoding="UTF-8"?>
<testng-results ignored="0" total="2" passed="2" failed="0" skipped="0">
  <reporter-output>
  </reporter-output>
  <suite started-at="2026-09-10T21:46:34 IST" name="Master Suite" finished-at="2026-09-10T21:46:46 IST" duration-ms="12063">
    <groups>
      <group name="Master">
        <method signature="TC001_AccRegisterTest.AccRegTestMethod()[pri:0, instance:TestCases.TC001_AccRegisterTest@6bf08014]" name="AccRegTestMethod" class="TestCases.TC001_AccRegisterTest"/>
        <method signature="TC002_LoginTest.LoginTestMethod()[pri:0, instance:TestCases.TC002_LoginTest@5a5338df]" name="LoginTestMethod" class="TestCases.TC002_LoginTest"/>
      </group> <!-- Master -->
      <group name="Sanity">
        <method signature="TC001_AccRegisterTest.AccRegTestMethod()[pri:0, instance:TestCases.TC001_AccRegisterTest@6bf08014]" name="AccRegTestMethod" class="TestCases.TC001_AccRegisterTest"/>
      </group> <!-- Sanity -->
      <group name="Regression">
        <method signature="TC002_LoginTest.LoginTestMethod()[pri:0, instance:TestCases.TC002_LoginTest@5a5338df]" name="LoginTestMethod" class="TestCases.TC002_LoginTest"/>
      </group> <!-- Regression -->
    </groups>
    <test started-at="2026-09-10T21:46:34 IST" name="Test" finished-at="2026-09-10T21:46:46 IST" duration-ms="12063">
      <class name="TestCases.TC001_AccRegisterTest">
        <test-method is-config="true" signature="setupDriver(java.lang.String,java.lang.String)[pri:0, instance:TestCases.TC001_AccRegisterTest@6bf08014]" started-at="2026-09-10T21:46:34 IST" name="setupDriver" finished-at="2026-09-10T21:46:38 IST" duration-ms="4173" status="PASS">
          <params>
            <param index="0">
              <value>
                <![CDATA[Windows]]>
              </value>
            </param>
            <param index="1">
              <value>
                <![CDATA[chrome]]>
              </value>
            </param>
          </params>
          <reporter-output>
          </reporter-output>
        </test-method> <!-- setupDriver -->
        <test-method signature="AccRegTestMethod()[pri:0, instance:TestCases.TC001_AccRegisterTest@6bf08014]" started-at="2026-09-10T21:46:38 IST" name="AccRegTestMethod" finished-at="2026-09-10T21:46:42 IST" duration-ms="3697" status="PASS">
          <reporter-output>
          </reporter-output>
        </test-method> <!-- AccRegTestMethod -->
        <test-method is-config="true" signature="exitDriver()[pri:0, instance:TestCases.TC001_AccRegisterTest@6bf08014]" started-at="2026-09-10T21:46:42 IST" name="exitDriver" finished-at="2026-09-10T21:46:42 IST" duration-ms="276" status="PASS">
          <reporter-output>
          </reporter-output>
        </test-method> <!-- exitDriver -->
      </class> <!-- TestCases.TC001_AccRegisterTest -->
      <class name="TestCases.TC002_LoginTest">
        <test-method is-config="true" signature="setupDriver(java.lang.String,java.lang.String)[pri:0, instance:TestCases.TC002_LoginTest@5a5338df]" started-at="2026-09-10T21:46:42 IST" name="setupDriver" finished-at="2026-09-10T21:46:44 IST" duration-ms="1820" status="PASS">
          <params>
            <param index="0">
              <value>
                <![CDATA[Windows]]>
              </value>
            </param>
            <param index="1">
              <value>
                <![CDATA[chrome]]>
              </value>
            </param>
          </params>
          <reporter-output>
          </reporter-output>
        </test-method> <!-- setupDriver -->
        <test-method signature="LoginTestMethod()[pri:0, instance:TestCases.TC002_LoginTest@5a5338df]" started-at="2026-09-10T21:46:44 IST" name="LoginTestMethod" finished-at="2026-09-10T21:46:46 IST" duration-ms="1445" status="PASS">
          <reporter-output>
          </reporter-output>
        </test-method> <!-- LoginTestMethod -->
        <test-method is-config="true" signature="exitDriver()[pri:0, instance:TestCases.TC002_LoginTest@5a5338df]" started-at="2026-09-10T21:46:46 IST" name="exitDriver" finished-at="2026-09-10T21:46:46 IST" duration-ms="227" status="PASS">
          <reporter-output>
          </reporter-output>
        </test-method> <!-- exitDriver -->
      </class> <!-- TestCases.TC002_LoginTest -->
    </test> <!-- Test -->
  </suite> <!-- Master Suite -->
</testng-results>
