<?xml version="1.0" encoding="UTF-8"?>
<testng-results ignored="0" total="1" passed="1" failed="0" skipped="0">
  <reporter-output>
  </reporter-output>
  <suite started-at="2026-09-12T22:34:11 IST" name="Master Suite" finished-at="2026-09-12T22:34:21 IST" duration-ms="9790">
    <groups>
    </groups>
    <test started-at="2026-09-12T22:34:11 IST" name="Test" finished-at="2026-09-12T22:34:21 IST" duration-ms="9790">
      <class name="TestCases.TC007_ModifyProductQuantity">
        <test-method is-config="true" signature="setupDriver(java.lang.String,java.lang.String)[pri:0, instance:TestCases.TC007_ModifyProductQuantity@388526fb]" started-at="2026-09-12T22:34:12 IST" name="setupDriver" finished-at="2026-09-12T22:34:15 IST" duration-ms="3704" status="PASS">
          <params>
            <param index="0">
              <value>
                <![CDATA[Windows]]>
              </value>
            </param>
            <param index="1">
              <value>
                <![CDATA[chrome]]>
              </value>
            </param>
          </params>
          <reporter-output>
          </reporter-output>
        </test-method> <!-- setupDriver -->
        <test-method signature="updateQuantity()[pri:0, instance:TestCases.TC007_ModifyProductQuantity@388526fb]" started-at="2026-09-12T22:34:15 IST" name="updateQuantity" finished-at="2026-09-12T22:34:21 IST" duration-ms="5424" status="PASS">
          <reporter-output>
          </reporter-output>
        </test-method> <!-- updateQuantity -->
        <test-method is-config="true" signature="exitDriver()[pri:0, instance:TestCases.TC007_ModifyProductQuantity@388526fb]" started-at="2026-09-12T22:34:21 IST" name="exitDriver" finished-at="2026-09-12T22:34:21 IST" duration-ms="233" status="PASS">
          <reporter-output>
          </reporter-output>
        </test-method> <!-- exitDriver -->
      </class> <!-- TestCases.TC007_ModifyProductQuantity -->
    </test> <!-- Test -->
  </suite> <!-- Master Suite -->
</testng-results>
