<?xml version="1.0" encoding="UTF-8"?>
<testng-results ignored="0" total="1" passed="1" failed="0" skipped="0">
  <reporter-output>
  </reporter-output>
  <suite started-at="2026-09-11T16:21:24 IST" name="Master Suite" finished-at="2026-09-11T16:21:46 IST" duration-ms="21712">
    <groups>
      <group name="Master">
        <method signature="TC005_CheckOutProductTest.OrderProduct()[pri:0, instance:TestCases.TC005_CheckOutProductTest@6138e79a]" name="OrderProduct" class="TestCases.TC005_CheckOutProductTest"/>
      </group> <!-- Master -->
    </groups>
    <test started-at="2026-09-11T16:21:24 IST" name="Test" finished-at="2026-09-11T16:21:46 IST" duration-ms="21712">
      <class name="TestCases.TC005_CheckOutProductTest">
        <test-method is-config="true" signature="setupDriver(java.lang.String,java.lang.String)[pri:0, instance:TestCases.TC005_CheckOutProductTest@6138e79a]" started-at="2026-09-11T16:21:25 IST" name="setupDriver" finished-at="2026-09-11T16:21:31 IST" duration-ms="5943" status="PASS">
          <params>
            <param index="0">
              <value>
                <![CDATA[Windows]]>
              </value>
            </param>
            <param index="1">
              <value>
                <![CDATA[chrome]]>
              </value>
            </param>
          </params>
          <reporter-output>
          </reporter-output>
        </test-method> <!-- setupDriver -->
        <test-method signature="OrderProduct()[pri:0, instance:TestCases.TC005_CheckOutProductTest@6138e79a]" started-at="2026-09-11T16:21:31 IST" name="OrderProduct" finished-at="2026-09-11T16:21:46 IST" duration-ms="14765" status="PASS">
          <reporter-output>
          </reporter-output>
        </test-method> <!-- OrderProduct -->
        <test-method is-config="true" signature="exitDriver()[pri:0, instance:TestCases.TC005_CheckOutProductTest@6138e79a]" started-at="2026-09-11T16:21:46 IST" name="exitDriver" finished-at="2026-09-11T16:21:46 IST" duration-ms="307" status="PASS">
          <reporter-output>
          </reporter-output>
        </test-method> <!-- exitDriver -->
      </class> <!-- TestCases.TC005_CheckOutProductTest -->
    </test> <!-- Test -->
  </suite> <!-- Master Suite -->
</testng-results>
