<?xml version="1.0" encoding="UTF-8"?>
<!-- Generated by org.testng.reporters.JUnitReportReporter -->
<testsuite hostname="LAPTOP-Q3P0F1LC" failures="0" tests="6" name="TestCases.TC002_01_LoginTestDDT" time="53.914" errors="0" timestamp="2026-09-12T15:30:40 IST" skipped="0">
  <testcase classname="TestCases.TC002_01_LoginTestDDT" name="dataDrivenLoginTest" time="12.220"/>
  <testcase classname="TestCases.TC002_01_LoginTestDDT" name="dataDrivenLoginTest" time="10.587"/>
  <testcase classname="TestCases.TC002_01_LoginTestDDT" name="dataDrivenLoginTest" time="13.223"/>
  <testcase classname="TestCases.TC002_01_LoginTestDDT" name="dataDrivenLoginTest" time="2.152"/>
  <testcase classname="TestCases.TC002_01_LoginTestDDT" name="dataDrivenLoginTest" time="10.433"/>
  <testcase classname="TestCases.TC002_01_LoginTestDDT" name="dataDrivenLoginTest" time="5.299"/>
</testsuite> <!-- TestCases.TC002_01_LoginTestDDT -->
