<?xml version="1.0" encoding="UTF-8"?>
<!-- Generated by org.testng.reporters.JUnitReportReporter -->
<testsuite hostname="LAPTOP-Q3P0F1LC" failures="0" tests="6" name="TestCases.TC002_01_LoginTestDDT" time="49.713" errors="0" timestamp="2026-09-04T19:08:43 IST" skipped="0">
  <testcase classname="TestCases.TC002_01_LoginTestDDT" name="dataDrivenLoginTest" time="11.099"/>
  <testcase classname="TestCases.TC002_01_LoginTestDDT" name="dataDrivenLoginTest" time="2.662"/>
  <testcase classname="TestCases.TC002_01_LoginTestDDT" name="dataDrivenLoginTest" time="11.552"/>
  <testcase classname="TestCases.TC002_01_LoginTestDDT" name="dataDrivenLoginTest" time="2.181"/>
  <testcase classname="TestCases.TC002_01_LoginTestDDT" name="dataDrivenLoginTest" time="11.729"/>
  <testcase classname="TestCases.TC002_01_LoginTestDDT" name="dataDrivenLoginTest" time="10.490"/>
</testsuite> <!-- TestCases.TC002_01_LoginTestDDT -->
